<?xml version="1.0" encoding="UTF-8"?>
<!-- Generated by org.testng.reporters.JUnitXMLReporter -->
<testsuite ignored="0" hostname="DESKTOP-4S95062" failures="4" tests="6" name="TESTCASES-NetBanking" time="25.352" errors="0" timestamp="03 Oct 2021 06:02:13 GMT">
  <testcase classname="com.inetbanking.TestCases.Tc_LoginTest_001" name="LoginTest" time="1.702"/>
  <testcase classname="com.inetbanking.TestCases.Tc_LoginDDT_002" name="LoginDDTTest" time="3.223"/>
  <testcase classname="com.inetbanking.TestCases.Tc_LoginDDT_002" name="LoginDDTTest" time="1.604">
    <failure type="java.lang.AssertionError" message="expected [true] but found [false]">
      <![CDATA[java.lang.AssertionError: expected [true] but found [false]
at com.inetbanking.TestCases.Tc_LoginDDT_002.LoginDDTTest(Tc_LoginDDT_002.java:70)
... Removed 32 stack frames]]>
    </failure>
  </testcase> <!-- LoginDDTTest -->
  <testcase classname="com.inetbanking.TestCases.Tc_LoginDDT_002" name="LoginDDTTest" time="1.955">
    <failure type="java.lang.AssertionError" message="expected [true] but found [false]">
      <![CDATA[java.lang.AssertionError: expected [true] but found [false]
at com.inetbanking.TestCases.Tc_LoginDDT_002.LoginDDTTest(Tc_LoginDDT_002.java:70)
... Removed 32 stack frames]]>
    </failure>
  </testcase> <!-- LoginDDTTest -->
  <testcase classname="com.inetbanking.TestCases.Tc_LoginDDT_002" name="LoginDDTTest" time="0.012">
    <failure type="java.lang.IllegalArgumentException" message="Keys to send should be a not null CharSequence">
      <![CDATA[java.lang.IllegalArgumentException: Keys to send should be a not null CharSequence
at org.openqa.selenium.remote.RemoteWebElement.sendKeys(RemoteWebElement.java:97)
at org.openqa.selenium.support.pagefactory.internal.LocatingElementHandler.invoke(LocatingElementHandler.java:51)
at jdk.proxy2/jdk.proxy2.$Proxy12.sendKeys(Unknown Source)
at com.inetbanking.TestCases.Tc_LoginDDT_002.LoginDDTTest(Tc_LoginDDT_002.java:55)
... Removed 32 stack frames]]>
    </failure>
  </testcase> <!-- LoginDDTTest -->
  <testcase classname="com.inetbanking.TestCases.Tc_NewCustomerTest_003" name="AddNewCustomerTest" time="3.101">
    <failure type="org.openqa.selenium.UnhandledAlertException" message="unexpected alert open: {Alert text : Customer could not be added !!}
  (Session info: chrome=94.0.4606.61): Customer could not be added !!
Build info: version: &amp;apos;3.141.59&amp;apos;, revision: &amp;apos;e82be7d358&amp;apos;, time: &amp;apos;2018-11-14T08:17:03&amp;apos;
System info: host: &amp;apos;DESKTOP-4S95062&amp;apos;, ip: &amp;apos;192.168.1.14&amp;apos;, os.name: &amp;apos;Windows 10&amp;apos;, os.arch: &amp;apos;amd64&amp;apos;, os.version: &amp;apos;10.0&amp;apos;, java.version: &amp;apos;17&amp;apos;
Driver info: org.openqa.selenium.chrome.ChromeDriver
Capabilities {acceptInsecureCerts: false, browserName: chrome, browserVersion: 94.0.4606.61, chrome: {chromedriverVersion: 93.0.4577.63 (ff5c0da2ec0ad..., userDataDir: C:\Users\user\AppData\Local...}, goog:chromeOptions: {debuggerAddress: localhost:51789}, javascriptEnabled: true, networkConnectionEnabled: false, pageLoadStrategy: normal, platform: WINDOWS, platformName: WINDOWS, proxy: Proxy(), setWindowRect: true, strictFileInteractability: false, timeouts: {implicit: 0, pageLoad: 300000, script: 30000}, unhandledPromptBehavior: dismiss and notify, webauthn:extension:credBlob: true, webauthn:extension:largeBlob: true, webauthn:virtualAuthenticators: true}
Session ID: a32a449280885724120c1a123ade969a">
      <![CDATA[org.openqa.selenium.UnhandledAlertException: unexpected alert open: {Alert text : Customer could not be added !!}
  (Session info: chrome=94.0.4606.61): Customer could not be added !!
Build info: version: '3.141.59', revision: 'e82be7d358', time: '2018-11-14T08:17:03'
System info: host: 'DESKTOP-4S95062', ip: '192.168.1.14', os.name: 'Windows 10', os.arch: 'amd64', os.version: '10.0', java.version: '17'
Driver info: org.openqa.selenium.chrome.ChromeDriver
Capabilities {acceptInsecureCerts: false, browserName: chrome, browserVersion: 94.0.4606.61, chrome: {chromedriverVersion: 93.0.4577.63 (ff5c0da2ec0ad..., userDataDir: C:\Users\user\AppData\Local...}, goog:chromeOptions: {debuggerAddress: localhost:51789}, javascriptEnabled: true, networkConnectionEnabled: false, pageLoadStrategy: normal, platform: WINDOWS, platformName: WINDOWS, proxy: Proxy(), setWindowRect: true, strictFileInteractability: false, timeouts: {implicit: 0, pageLoad: 300000, script: 30000}, unhandledPromptBehavior: dismiss and notify, webauthn:extension:credBlob: true, webauthn:extension:largeBlob: true, webauthn:virtualAuthenticators: true}
Session ID: a32a449280885724120c1a123ade969a
at org.openqa.selenium.remote.http.W3CHttpResponseCodec.decode(W3CHttpResponseCodec.java:120)
at org.openqa.selenium.remote.http.W3CHttpResponseCodec.decode(W3CHttpResponseCodec.java:49)
at org.openqa.selenium.remote.HttpCommandExecutor.execute(HttpCommandExecutor.java:158)
at org.openqa.selenium.remote.service.DriverCommandExecutor.execute(DriverCommandExecutor.java:83)
at org.openqa.selenium.remote.RemoteWebDriver.execute(RemoteWebDriver.java:552)
at org.openqa.selenium.remote.RemoteWebDriver.execute(RemoteWebDriver.java:609)
at org.openqa.selenium.remote.RemoteWebDriver.getPageSource(RemoteWebDriver.java:438)
at com.inetbanking.TestCases.Tc_NewCustomerTest_003.AddNewCustomerTest(Tc_NewCustomerTest_003.java:69)
... Removed 28 stack frames]]>
    </failure>
  </testcase> <!-- AddNewCustomerTest -->
</testsuite> <!-- TESTCASES-NetBanking -->
